<?xml version="1.0" encoding="UTF-8"?>
<!-- Generated by org.testng.reporters.JUnitReportReporter -->
<testsuite hostname="SKOL101349" name="trunckclub.test.AppTest" tests="1" failures="0" timestamp="19 May 2019 17:25:40 GMT" time="1.230" errors="0">
  <testcase name="test_Home_Page_Appear_Correct" time="1.230" classname="trunckclub.test.AppTest"/>
</testsuite> <!-- trunckclub.test.AppTest -->
